<?xml version="1.0" encoding="UTF-8"?>
<!-- Generated by org.testng.reporters.JUnitReportReporter -->
<testsuite skipped="0" hostname="DESKTOP0085" name="practice.automationtesting.selenium.RegisterPageTest" tests="1" failures="0" timestamp="28 Aug 2019 10:24:49 GMT" time="0.118" errors="0">
  <testcase name="InvalidEmail_ResgiterFail" time="0.118" classname="practice.automationtesting.selenium.RegisterPageTest"/>
</testsuite> <!-- practice.automationtesting.selenium.RegisterPageTest -->
