<?xml version="1.0" encoding="UTF-8"?>
<!-- Generated by org.testng.reporters.JUnitReportReporter -->
<testsuite skipped="0" hostname="DESKTOP0085" name="practice.automationtesting.selenium.NewTest" tests="1" failures="0" timestamp="27 Aug 2019 05:59:27 GMT" time="10.420" errors="0">
  <testcase name="testEasy" time="10.420" classname="practice.automationtesting.selenium.NewTest"/>
</testsuite> <!-- practice.automationtesting.selenium.NewTest -->
